2024-05-30 20:11:04 Error: [BadMethodCallException] Unknown finder method "auth" (C:\wamp64\www\casa_adulao\casa_de_adulao\vendor\cakephp\cakephp\src\ORM\Table.php:2589)
#0 C:\wamp64\www\casa_adulao\casa_de_adulao\vendor\cakephp\cakephp\src\ORM\Table.php(1395): Cake\ORM\Table->callFinder('auth', Object(Cake\ORM\Query), Array)
#1 C:\wamp64\www\casa_adulao\casa_de_adulao\vendor\cakephp\cakephp\src\Auth\BaseAuthenticate.php(193): Cake\ORM\Table->find('auth', Array)
#2 C:\wamp64\www\casa_adulao\casa_de_adulao\vendor\cakephp\cakephp\src\Auth\BaseAuthenticate.php(114): Cake\Auth\BaseAuthenticate->_query('yuriaguiar.nasc...')
#3 C:\wamp64\www\casa_adulao\casa_de_adulao\vendor\cakephp\cakephp\src\Auth\FormAuthenticate.php(85): Cake\Auth\BaseAuthenticate->_findUser('yuriaguiar.nasc...', '123456')
#4 C:\wamp64\www\casa_adulao\casa_de_adulao\vendor\cakephp\cakephp\src\Controller\Component\AuthComponent.php(826): Cake\Auth\FormAuthenticate->authenticate(Object(Cake\Http\ServerRequest), Object(Cake\Http\Response))
#5 C:\wamp64\www\casa_adulao\casa_de_adulao\src\Controller\UsersController.php(24): Cake\Controller\Component\AuthComponent->identify()
#6 C:\wamp64\www\casa_adulao\casa_de_adulao\vendor\cakephp\cakephp\src\Controller\Controller.php(606): App\Controller\UsersController->login()
#7 C:\wamp64\www\casa_adulao\casa_de_adulao\vendor\cakephp\cakephp\src\Http\ActionDispatcher.php(120): Cake\Controller\Controller->invokeAction()
#8 C:\wamp64\www\casa_adulao\casa_de_adulao\vendor\cakephp\cakephp\src\Http\ActionDispatcher.php(94): Cake\Http\ActionDispatcher->_invoke(Object(App\Controller\UsersController))
#9 C:\wamp64\www\casa_adulao\casa_de_adulao\vendor\cakephp\cakephp\src\Http\BaseApplication.php(256): Cake\Http\ActionDispatcher->dispatch(Object(Cake\Http\ServerRequest), Object(Cake\Http\Response))
#10 C:\wamp64\www\casa_adulao\casa_de_adulao\vendor\cakephp\cakephp\src\Http\Runner.php(65): Cake\Http\BaseApplication->__invoke(Object(Cake\Http\ServerRequest), Object(Cake\Http\Response), Object(Cake\Http\Runner))
#11 C:\wamp64\www\casa_adulao\casa_de_adulao\vendor\cakephp\cakephp\src\Http\Runner.php(65): Cake\Http\Runner->__invoke(Object(Cake\Http\ServerRequest), Object(Cake\Http\Response), Object(Cake\Http\Runner))
#12 C:\wamp64\www\casa_adulao\casa_de_adulao\vendor\cakephp\cakephp\src\Http\Middleware\CsrfProtectionMiddleware.php(137): Cake\Http\Runner->__invoke(Object(Cake\Http\ServerRequest), Object(Cake\Http\Response))
#13 C:\wamp64\www\casa_adulao\casa_de_adulao\vendor\cakephp\cakephp\src\Http\Runner.php(65): Cake\Http\Middleware\CsrfProtectionMiddleware->__invoke(Object(Cake\Http\ServerRequest), Object(Cake\Http\Response), Object(Cake\Http\Runner))
#14 C:\wamp64\www\casa_adulao\casa_de_adulao\vendor\cakephp\cakephp\src\Http\Runner.php(51): Cake\Http\Runner->__invoke(Object(Cake\Http\ServerRequest), Object(Cake\Http\Response))
#15 C:\wamp64\www\casa_adulao\casa_de_adulao\vendor\cakephp\cakephp\src\Routing\Middleware\RoutingMiddleware.php(170): Cake\Http\Runner->run(Object(Cake\Http\MiddlewareQueue), Object(Cake\Http\ServerRequest), Object(Cake\Http\Response))
#16 C:\wamp64\www\casa_adulao\casa_de_adulao\vendor\cakephp\cakephp\src\Http\Runner.php(65): Cake\Routing\Middleware\RoutingMiddleware->__invoke(Object(Cake\Http\ServerRequest), Object(Cake\Http\Response), Object(Cake\Http\Runner))
#17 C:\wamp64\www\casa_adulao\casa_de_adulao\vendor\cakephp\cakephp\src\Routing\Middleware\AssetMiddleware.php(88): Cake\Http\Runner->__invoke(Object(Cake\Http\ServerRequest), Object(Cake\Http\Response))
#18 C:\wamp64\www\casa_adulao\casa_de_adulao\vendor\cakephp\cakephp\src\Http\Runner.php(65): Cake\Routing\Middleware\AssetMiddleware->__invoke(Object(Cake\Http\ServerRequest), Object(Cake\Http\Response), Object(Cake\Http\Runner))
#19 C:\wamp64\www\casa_adulao\casa_de_adulao\vendor\cakephp\cakephp\src\Error\Middleware\ErrorHandlerMiddleware.php(100): Cake\Http\Runner->__invoke(Object(Cake\Http\ServerRequest), Object(Cake\Http\Response))
#20 C:\wamp64\www\casa_adulao\casa_de_adulao\vendor\cakephp\cakephp\src\Http\Runner.php(65): Cake\Error\Middleware\ErrorHandlerMiddleware->__invoke(Object(Cake\Http\ServerRequest), Object(Cake\Http\Response), Object(Cake\Http\Runner))
#21 C:\wamp64\www\casa_adulao\casa_de_adulao\vendor\cakephp\debug_kit\src\Middleware\DebugKitMiddleware.php(53): Cake\Http\Runner->__invoke(Object(Cake\Http\ServerRequest), Object(Cake\Http\Response))
#22 C:\wamp64\www\casa_adulao\casa_de_adulao\vendor\cakephp\cakephp\src\Http\Runner.php(65): DebugKit\Middleware\DebugKitMiddleware->__invoke(Object(Cake\Http\ServerRequest), Object(Cake\Http\Response), Object(Cake\Http\Runner))
#23 C:\wamp64\www\casa_adulao\casa_de_adulao\vendor\cakephp\cakephp\src\Http\Runner.php(51): Cake\Http\Runner->__invoke(Object(Cake\Http\ServerRequest), Object(Cake\Http\Response))
#24 C:\wamp64\www\casa_adulao\casa_de_adulao\vendor\cakephp\cakephp\src\Http\Server.php(97): Cake\Http\Runner->run(Object(Cake\Http\MiddlewareQueue), Object(Cake\Http\ServerRequest), Object(Cake\Http\Response))
#25 C:\wamp64\www\casa_adulao\casa_de_adulao\webroot\index.php(40): Cake\Http\Server->run()
#26 {main}
Request URL: /users/login?redirect=%2Fpersons
Referer URL: http://localhost:8765/users/login?redirect=%2Fpersons


2024-05-30 20:12:08 Error: [BadMethodCallException] Unknown finder method "auth" (C:\wamp64\www\casa_adulao\casa_de_adulao\vendor\cakephp\cakephp\src\ORM\Table.php:2589)
#0 C:\wamp64\www\casa_adulao\casa_de_adulao\vendor\cakephp\cakephp\src\ORM\Table.php(1395): Cake\ORM\Table->callFinder('auth', Object(Cake\ORM\Query), Array)
#1 C:\wamp64\www\casa_adulao\casa_de_adulao\vendor\cakephp\cakephp\src\Auth\BaseAuthenticate.php(193): Cake\ORM\Table->find('auth', Array)
#2 C:\wamp64\www\casa_adulao\casa_de_adulao\vendor\cakephp\cakephp\src\Auth\BaseAuthenticate.php(114): Cake\Auth\BaseAuthenticate->_query('yuriaguiar.nasc...')
#3 C:\wamp64\www\casa_adulao\casa_de_adulao\vendor\cakephp\cakephp\src\Auth\FormAuthenticate.php(85): Cake\Auth\BaseAuthenticate->_findUser('yuriaguiar.nasc...', '123456')
#4 C:\wamp64\www\casa_adulao\casa_de_adulao\vendor\cakephp\cakephp\src\Controller\Component\AuthComponent.php(826): Cake\Auth\FormAuthenticate->authenticate(Object(Cake\Http\ServerRequest), Object(Cake\Http\Response))
#5 C:\wamp64\www\casa_adulao\casa_de_adulao\src\Controller\UsersController.php(24): Cake\Controller\Component\AuthComponent->identify()
#6 C:\wamp64\www\casa_adulao\casa_de_adulao\vendor\cakephp\cakephp\src\Controller\Controller.php(606): App\Controller\UsersController->login()
#7 C:\wamp64\www\casa_adulao\casa_de_adulao\vendor\cakephp\cakephp\src\Http\ActionDispatcher.php(120): Cake\Controller\Controller->invokeAction()
#8 C:\wamp64\www\casa_adulao\casa_de_adulao\vendor\cakephp\cakephp\src\Http\ActionDispatcher.php(94): Cake\Http\ActionDispatcher->_invoke(Object(App\Controller\UsersController))
#9 C:\wamp64\www\casa_adulao\casa_de_adulao\vendor\cakephp\cakephp\src\Http\BaseApplication.php(256): Cake\Http\ActionDispatcher->dispatch(Object(Cake\Http\ServerRequest), Object(Cake\Http\Response))
#10 C:\wamp64\www\casa_adulao\casa_de_adulao\vendor\cakephp\cakephp\src\Http\Runner.php(65): Cake\Http\BaseApplication->__invoke(Object(Cake\Http\ServerRequest), Object(Cake\Http\Response), Object(Cake\Http\Runner))
#11 C:\wamp64\www\casa_adulao\casa_de_adulao\vendor\cakephp\cakephp\src\Http\Runner.php(65): Cake\Http\Runner->__invoke(Object(Cake\Http\ServerRequest), Object(Cake\Http\Response), Object(Cake\Http\Runner))
#12 C:\wamp64\www\casa_adulao\casa_de_adulao\vendor\cakephp\cakephp\src\Http\Middleware\CsrfProtectionMiddleware.php(137): Cake\Http\Runner->__invoke(Object(Cake\Http\ServerRequest), Object(Cake\Http\Response))
#13 C:\wamp64\www\casa_adulao\casa_de_adulao\vendor\cakephp\cakephp\src\Http\Runner.php(65): Cake\Http\Middleware\CsrfProtectionMiddleware->__invoke(Object(Cake\Http\ServerRequest), Object(Cake\Http\Response), Object(Cake\Http\Runner))
#14 C:\wamp64\www\casa_adulao\casa_de_adulao\vendor\cakephp\cakephp\src\Http\Runner.php(51): Cake\Http\Runner->__invoke(Object(Cake\Http\ServerRequest), Object(Cake\Http\Response))
#15 C:\wamp64\www\casa_adulao\casa_de_adulao\vendor\cakephp\cakephp\src\Routing\Middleware\RoutingMiddleware.php(170): Cake\Http\Runner->run(Object(Cake\Http\MiddlewareQueue), Object(Cake\Http\ServerRequest), Object(Cake\Http\Response))
#16 C:\wamp64\www\casa_adulao\casa_de_adulao\vendor\cakephp\cakephp\src\Http\Runner.php(65): Cake\Routing\Middleware\RoutingMiddleware->__invoke(Object(Cake\Http\ServerRequest), Object(Cake\Http\Response), Object(Cake\Http\Runner))
#17 C:\wamp64\www\casa_adulao\casa_de_adulao\vendor\cakephp\cakephp\src\Routing\Middleware\AssetMiddleware.php(88): Cake\Http\Runner->__invoke(Object(Cake\Http\ServerRequest), Object(Cake\Http\Response))
#18 C:\wamp64\www\casa_adulao\casa_de_adulao\vendor\cakephp\cakephp\src\Http\Runner.php(65): Cake\Routing\Middleware\AssetMiddleware->__invoke(Object(Cake\Http\ServerRequest), Object(Cake\Http\Response), Object(Cake\Http\Runner))
#19 C:\wamp64\www\casa_adulao\casa_de_adulao\vendor\cakephp\cakephp\src\Error\Middleware\ErrorHandlerMiddleware.php(100): Cake\Http\Runner->__invoke(Object(Cake\Http\ServerRequest), Object(Cake\Http\Response))
#20 C:\wamp64\www\casa_adulao\casa_de_adulao\vendor\cakephp\cakephp\src\Http\Runner.php(65): Cake\Error\Middleware\ErrorHandlerMiddleware->__invoke(Object(Cake\Http\ServerRequest), Object(Cake\Http\Response), Object(Cake\Http\Runner))
#21 C:\wamp64\www\casa_adulao\casa_de_adulao\vendor\cakephp\debug_kit\src\Middleware\DebugKitMiddleware.php(53): Cake\Http\Runner->__invoke(Object(Cake\Http\ServerRequest), Object(Cake\Http\Response))
#22 C:\wamp64\www\casa_adulao\casa_de_adulao\vendor\cakephp\cakephp\src\Http\Runner.php(65): DebugKit\Middleware\DebugKitMiddleware->__invoke(Object(Cake\Http\ServerRequest), Object(Cake\Http\Response), Object(Cake\Http\Runner))
#23 C:\wamp64\www\casa_adulao\casa_de_adulao\vendor\cakephp\cakephp\src\Http\Runner.php(51): Cake\Http\Runner->__invoke(Object(Cake\Http\ServerRequest), Object(Cake\Http\Response))
#24 C:\wamp64\www\casa_adulao\casa_de_adulao\vendor\cakephp\cakephp\src\Http\Server.php(97): Cake\Http\Runner->run(Object(Cake\Http\MiddlewareQueue), Object(Cake\Http\ServerRequest), Object(Cake\Http\Response))
#25 C:\wamp64\www\casa_adulao\casa_de_adulao\webroot\index.php(40): Cake\Http\Server->run()
#26 {main}
Request URL: /users/login?redirect=%2Fusers
Referer URL: http://localhost:8765/users/login?redirect=%2Fusers


2024-05-30 20:13:28 Error: [BadMethodCallException] Unknown finder method "auth" (C:\wamp64\www\casa_adulao\casa_de_adulao\vendor\cakephp\cakephp\src\ORM\Table.php:2589)
#0 C:\wamp64\www\casa_adulao\casa_de_adulao\vendor\cakephp\cakephp\src\ORM\Table.php(1395): Cake\ORM\Table->callFinder('auth', Object(Cake\ORM\Query), Array)
#1 C:\wamp64\www\casa_adulao\casa_de_adulao\vendor\cakephp\cakephp\src\Auth\BaseAuthenticate.php(193): Cake\ORM\Table->find('auth', Array)
#2 C:\wamp64\www\casa_adulao\casa_de_adulao\vendor\cakephp\cakephp\src\Auth\BaseAuthenticate.php(114): Cake\Auth\BaseAuthenticate->_query('yuriaguiar.nasc...')
#3 C:\wamp64\www\casa_adulao\casa_de_adulao\vendor\cakephp\cakephp\src\Auth\FormAuthenticate.php(85): Cake\Auth\BaseAuthenticate->_findUser('yuriaguiar.nasc...', '123456')
#4 C:\wamp64\www\casa_adulao\casa_de_adulao\vendor\cakephp\cakephp\src\Controller\Component\AuthComponent.php(826): Cake\Auth\FormAuthenticate->authenticate(Object(Cake\Http\ServerRequest), Object(Cake\Http\Response))
#5 C:\wamp64\www\casa_adulao\casa_de_adulao\src\Controller\UsersController.php(24): Cake\Controller\Component\AuthComponent->identify()
#6 C:\wamp64\www\casa_adulao\casa_de_adulao\vendor\cakephp\cakephp\src\Controller\Controller.php(606): App\Controller\UsersController->login()
#7 C:\wamp64\www\casa_adulao\casa_de_adulao\vendor\cakephp\cakephp\src\Http\ActionDispatcher.php(120): Cake\Controller\Controller->invokeAction()
#8 C:\wamp64\www\casa_adulao\casa_de_adulao\vendor\cakephp\cakephp\src\Http\ActionDispatcher.php(94): Cake\Http\ActionDispatcher->_invoke(Object(App\Controller\UsersController))
#9 C:\wamp64\www\casa_adulao\casa_de_adulao\vendor\cakephp\cakephp\src\Http\BaseApplication.php(256): Cake\Http\ActionDispatcher->dispatch(Object(Cake\Http\ServerRequest), Object(Cake\Http\Response))
#10 C:\wamp64\www\casa_adulao\casa_de_adulao\vendor\cakephp\cakephp\src\Http\Runner.php(65): Cake\Http\BaseApplication->__invoke(Object(Cake\Http\ServerRequest), Object(Cake\Http\Response), Object(Cake\Http\Runner))
#11 C:\wamp64\www\casa_adulao\casa_de_adulao\vendor\cakephp\cakephp\src\Http\Runner.php(65): Cake\Http\Runner->__invoke(Object(Cake\Http\ServerRequest), Object(Cake\Http\Response), Object(Cake\Http\Runner))
#12 C:\wamp64\www\casa_adulao\casa_de_adulao\vendor\cakephp\cakephp\src\Http\Middleware\CsrfProtectionMiddleware.php(137): Cake\Http\Runner->__invoke(Object(Cake\Http\ServerRequest), Object(Cake\Http\Response))
#13 C:\wamp64\www\casa_adulao\casa_de_adulao\vendor\cakephp\cakephp\src\Http\Runner.php(65): Cake\Http\Middleware\CsrfProtectionMiddleware->__invoke(Object(Cake\Http\ServerRequest), Object(Cake\Http\Response), Object(Cake\Http\Runner))
#14 C:\wamp64\www\casa_adulao\casa_de_adulao\vendor\cakephp\cakephp\src\Http\Runner.php(51): Cake\Http\Runner->__invoke(Object(Cake\Http\ServerRequest), Object(Cake\Http\Response))
#15 C:\wamp64\www\casa_adulao\casa_de_adulao\vendor\cakephp\cakephp\src\Routing\Middleware\RoutingMiddleware.php(170): Cake\Http\Runner->run(Object(Cake\Http\MiddlewareQueue), Object(Cake\Http\ServerRequest), Object(Cake\Http\Response))
#16 C:\wamp64\www\casa_adulao\casa_de_adulao\vendor\cakephp\cakephp\src\Http\Runner.php(65): Cake\Routing\Middleware\RoutingMiddleware->__invoke(Object(Cake\Http\ServerRequest), Object(Cake\Http\Response), Object(Cake\Http\Runner))
#17 C:\wamp64\www\casa_adulao\casa_de_adulao\vendor\cakephp\cakephp\src\Routing\Middleware\AssetMiddleware.php(88): Cake\Http\Runner->__invoke(Object(Cake\Http\ServerRequest), Object(Cake\Http\Response))
#18 C:\wamp64\www\casa_adulao\casa_de_adulao\vendor\cakephp\cakephp\src\Http\Runner.php(65): Cake\Routing\Middleware\AssetMiddleware->__invoke(Object(Cake\Http\ServerRequest), Object(Cake\Http\Response), Object(Cake\Http\Runner))
#19 C:\wamp64\www\casa_adulao\casa_de_adulao\vendor\cakephp\cakephp\src\Error\Middleware\ErrorHandlerMiddleware.php(100): Cake\Http\Runner->__invoke(Object(Cake\Http\ServerRequest), Object(Cake\Http\Response))
#20 C:\wamp64\www\casa_adulao\casa_de_adulao\vendor\cakephp\cakephp\src\Http\Runner.php(65): Cake\Error\Middleware\ErrorHandlerMiddleware->__invoke(Object(Cake\Http\ServerRequest), Object(Cake\Http\Response), Object(Cake\Http\Runner))
#21 C:\wamp64\www\casa_adulao\casa_de_adulao\vendor\cakephp\debug_kit\src\Middleware\DebugKitMiddleware.php(53): Cake\Http\Runner->__invoke(Object(Cake\Http\ServerRequest), Object(Cake\Http\Response))
#22 C:\wamp64\www\casa_adulao\casa_de_adulao\vendor\cakephp\cakephp\src\Http\Runner.php(65): DebugKit\Middleware\DebugKitMiddleware->__invoke(Object(Cake\Http\ServerRequest), Object(Cake\Http\Response), Object(Cake\Http\Runner))
#23 C:\wamp64\www\casa_adulao\casa_de_adulao\vendor\cakephp\cakephp\src\Http\Runner.php(51): Cake\Http\Runner->__invoke(Object(Cake\Http\ServerRequest), Object(Cake\Http\Response))
#24 C:\wamp64\www\casa_adulao\casa_de_adulao\vendor\cakephp\cakephp\src\Http\Server.php(97): Cake\Http\Runner->run(Object(Cake\Http\MiddlewareQueue), Object(Cake\Http\ServerRequest), Object(Cake\Http\Response))
#25 C:\wamp64\www\casa_adulao\casa_de_adulao\webroot\index.php(40): Cake\Http\Server->run()
#26 {main}
Request URL: /users/login?redirect=%2Fusers
Referer URL: http://localhost:8765/users/login?redirect=%2Fusers


2024-05-30 20:13:50 Error: [BadMethodCallException] Unknown finder method "auth" (C:\wamp64\www\casa_adulao\casa_de_adulao\vendor\cakephp\cakephp\src\ORM\Table.php:2589)
#0 C:\wamp64\www\casa_adulao\casa_de_adulao\vendor\cakephp\cakephp\src\ORM\Table.php(1395): Cake\ORM\Table->callFinder('auth', Object(Cake\ORM\Query), Array)
#1 C:\wamp64\www\casa_adulao\casa_de_adulao\vendor\cakephp\cakephp\src\Auth\BaseAuthenticate.php(193): Cake\ORM\Table->find('auth', Array)
#2 C:\wamp64\www\casa_adulao\casa_de_adulao\vendor\cakephp\cakephp\src\Auth\BaseAuthenticate.php(114): Cake\Auth\BaseAuthenticate->_query('yuriaguiar.nasc...')
#3 C:\wamp64\www\casa_adulao\casa_de_adulao\vendor\cakephp\cakephp\src\Auth\FormAuthenticate.php(85): Cake\Auth\BaseAuthenticate->_findUser('yuriaguiar.nasc...', '123456')
#4 C:\wamp64\www\casa_adulao\casa_de_adulao\vendor\cakephp\cakephp\src\Controller\Component\AuthComponent.php(826): Cake\Auth\FormAuthenticate->authenticate(Object(Cake\Http\ServerRequest), Object(Cake\Http\Response))
#5 C:\wamp64\www\casa_adulao\casa_de_adulao\src\Controller\UsersController.php(24): Cake\Controller\Component\AuthComponent->identify()
#6 C:\wamp64\www\casa_adulao\casa_de_adulao\vendor\cakephp\cakephp\src\Controller\Controller.php(606): App\Controller\UsersController->login()
#7 C:\wamp64\www\casa_adulao\casa_de_adulao\vendor\cakephp\cakephp\src\Http\ActionDispatcher.php(120): Cake\Controller\Controller->invokeAction()
#8 C:\wamp64\www\casa_adulao\casa_de_adulao\vendor\cakephp\cakephp\src\Http\ActionDispatcher.php(94): Cake\Http\ActionDispatcher->_invoke(Object(App\Controller\UsersController))
#9 C:\wamp64\www\casa_adulao\casa_de_adulao\vendor\cakephp\cakephp\src\Http\BaseApplication.php(256): Cake\Http\ActionDispatcher->dispatch(Object(Cake\Http\ServerRequest), Object(Cake\Http\Response))
#10 C:\wamp64\www\casa_adulao\casa_de_adulao\vendor\cakephp\cakephp\src\Http\Runner.php(65): Cake\Http\BaseApplication->__invoke(Object(Cake\Http\ServerRequest), Object(Cake\Http\Response), Object(Cake\Http\Runner))
#11 C:\wamp64\www\casa_adulao\casa_de_adulao\vendor\cakephp\cakephp\src\Http\Runner.php(65): Cake\Http\Runner->__invoke(Object(Cake\Http\ServerRequest), Object(Cake\Http\Response), Object(Cake\Http\Runner))
#12 C:\wamp64\www\casa_adulao\casa_de_adulao\vendor\cakephp\cakephp\src\Http\Middleware\CsrfProtectionMiddleware.php(137): Cake\Http\Runner->__invoke(Object(Cake\Http\ServerRequest), Object(Cake\Http\Response))
#13 C:\wamp64\www\casa_adulao\casa_de_adulao\vendor\cakephp\cakephp\src\Http\Runner.php(65): Cake\Http\Middleware\CsrfProtectionMiddleware->__invoke(Object(Cake\Http\ServerRequest), Object(Cake\Http\Response), Object(Cake\Http\Runner))
#14 C:\wamp64\www\casa_adulao\casa_de_adulao\vendor\cakephp\cakephp\src\Http\Runner.php(51): Cake\Http\Runner->__invoke(Object(Cake\Http\ServerRequest), Object(Cake\Http\Response))
#15 C:\wamp64\www\casa_adulao\casa_de_adulao\vendor\cakephp\cakephp\src\Routing\Middleware\RoutingMiddleware.php(170): Cake\Http\Runner->run(Object(Cake\Http\MiddlewareQueue), Object(Cake\Http\ServerRequest), Object(Cake\Http\Response))
#16 C:\wamp64\www\casa_adulao\casa_de_adulao\vendor\cakephp\cakephp\src\Http\Runner.php(65): Cake\Routing\Middleware\RoutingMiddleware->__invoke(Object(Cake\Http\ServerRequest), Object(Cake\Http\Response), Object(Cake\Http\Runner))
#17 C:\wamp64\www\casa_adulao\casa_de_adulao\vendor\cakephp\cakephp\src\Routing\Middleware\AssetMiddleware.php(88): Cake\Http\Runner->__invoke(Object(Cake\Http\ServerRequest), Object(Cake\Http\Response))
#18 C:\wamp64\www\casa_adulao\casa_de_adulao\vendor\cakephp\cakephp\src\Http\Runner.php(65): Cake\Routing\Middleware\AssetMiddleware->__invoke(Object(Cake\Http\ServerRequest), Object(Cake\Http\Response), Object(Cake\Http\Runner))
#19 C:\wamp64\www\casa_adulao\casa_de_adulao\vendor\cakephp\cakephp\src\Error\Middleware\ErrorHandlerMiddleware.php(100): Cake\Http\Runner->__invoke(Object(Cake\Http\ServerRequest), Object(Cake\Http\Response))
#20 C:\wamp64\www\casa_adulao\casa_de_adulao\vendor\cakephp\cakephp\src\Http\Runner.php(65): Cake\Error\Middleware\ErrorHandlerMiddleware->__invoke(Object(Cake\Http\ServerRequest), Object(Cake\Http\Response), Object(Cake\Http\Runner))
#21 C:\wamp64\www\casa_adulao\casa_de_adulao\vendor\cakephp\debug_kit\src\Middleware\DebugKitMiddleware.php(53): Cake\Http\Runner->__invoke(Object(Cake\Http\ServerRequest), Object(Cake\Http\Response))
#22 C:\wamp64\www\casa_adulao\casa_de_adulao\vendor\cakephp\cakephp\src\Http\Runner.php(65): DebugKit\Middleware\DebugKitMiddleware->__invoke(Object(Cake\Http\ServerRequest), Object(Cake\Http\Response), Object(Cake\Http\Runner))
#23 C:\wamp64\www\casa_adulao\casa_de_adulao\vendor\cakephp\cakephp\src\Http\Runner.php(51): Cake\Http\Runner->__invoke(Object(Cake\Http\ServerRequest), Object(Cake\Http\Response))
#24 C:\wamp64\www\casa_adulao\casa_de_adulao\vendor\cakephp\cakephp\src\Http\Server.php(97): Cake\Http\Runner->run(Object(Cake\Http\MiddlewareQueue), Object(Cake\Http\ServerRequest), Object(Cake\Http\Response))
#25 C:\wamp64\www\casa_adulao\casa_de_adulao\webroot\index.php(40): Cake\Http\Server->run()
#26 {main}
Request URL: /users/login
Referer URL: http://localhost:8765/users/login


2024-05-30 20:15:18 Error: [Cake\Controller\Exception\MissingActionException] Action UsersController::home() could not be found, or is not accessible. (C:\wamp64\www\casa_adulao\casa_de_adulao\vendor\cakephp\cakephp\src\Controller\Controller.php:596)
Exception Attributes: array (
  'controller' => 'UsersController',
  'action' => 'home',
  'prefix' => '',
  'plugin' => false,
)
#0 C:\wamp64\www\casa_adulao\casa_de_adulao\vendor\cakephp\cakephp\src\Http\ActionDispatcher.php(120): Cake\Controller\Controller->invokeAction()
#1 C:\wamp64\www\casa_adulao\casa_de_adulao\vendor\cakephp\cakephp\src\Http\ActionDispatcher.php(94): Cake\Http\ActionDispatcher->_invoke(Object(App\Controller\UsersController))
#2 C:\wamp64\www\casa_adulao\casa_de_adulao\vendor\cakephp\cakephp\src\Http\BaseApplication.php(256): Cake\Http\ActionDispatcher->dispatch(Object(Cake\Http\ServerRequest), Object(Cake\Http\Response))
#3 C:\wamp64\www\casa_adulao\casa_de_adulao\vendor\cakephp\cakephp\src\Http\Runner.php(65): Cake\Http\BaseApplication->__invoke(Object(Cake\Http\ServerRequest), Object(Cake\Http\Response), Object(Cake\Http\Runner))
#4 C:\wamp64\www\casa_adulao\casa_de_adulao\vendor\cakephp\cakephp\src\Http\Runner.php(65): Cake\Http\Runner->__invoke(Object(Cake\Http\ServerRequest), Object(Cake\Http\Response), Object(Cake\Http\Runner))
#5 C:\wamp64\www\casa_adulao\casa_de_adulao\vendor\cakephp\cakephp\src\Http\Middleware\CsrfProtectionMiddleware.php(137): Cake\Http\Runner->__invoke(Object(Cake\Http\ServerRequest), Object(Cake\Http\Response))
#6 C:\wamp64\www\casa_adulao\casa_de_adulao\vendor\cakephp\cakephp\src\Http\Runner.php(65): Cake\Http\Middleware\CsrfProtectionMiddleware->__invoke(Object(Cake\Http\ServerRequest), Object(Cake\Http\Response), Object(Cake\Http\Runner))
#7 C:\wamp64\www\casa_adulao\casa_de_adulao\vendor\cakephp\cakephp\src\Http\Runner.php(51): Cake\Http\Runner->__invoke(Object(Cake\Http\ServerRequest), Object(Cake\Http\Response))
#8 C:\wamp64\www\casa_adulao\casa_de_adulao\vendor\cakephp\cakephp\src\Routing\Middleware\RoutingMiddleware.php(170): Cake\Http\Runner->run(Object(Cake\Http\MiddlewareQueue), Object(Cake\Http\ServerRequest), Object(Cake\Http\Response))
#9 C:\wamp64\www\casa_adulao\casa_de_adulao\vendor\cakephp\cakephp\src\Http\Runner.php(65): Cake\Routing\Middleware\RoutingMiddleware->__invoke(Object(Cake\Http\ServerRequest), Object(Cake\Http\Response), Object(Cake\Http\Runner))
#10 C:\wamp64\www\casa_adulao\casa_de_adulao\vendor\cakephp\cakephp\src\Routing\Middleware\AssetMiddleware.php(88): Cake\Http\Runner->__invoke(Object(Cake\Http\ServerRequest), Object(Cake\Http\Response))
#11 C:\wamp64\www\casa_adulao\casa_de_adulao\vendor\cakephp\cakephp\src\Http\Runner.php(65): Cake\Routing\Middleware\AssetMiddleware->__invoke(Object(Cake\Http\ServerRequest), Object(Cake\Http\Response), Object(Cake\Http\Runner))
#12 C:\wamp64\www\casa_adulao\casa_de_adulao\vendor\cakephp\cakephp\src\Error\Middleware\ErrorHandlerMiddleware.php(100): Cake\Http\Runner->__invoke(Object(Cake\Http\ServerRequest), Object(Cake\Http\Response))
#13 C:\wamp64\www\casa_adulao\casa_de_adulao\vendor\cakephp\cakephp\src\Http\Runner.php(65): Cake\Error\Middleware\ErrorHandlerMiddleware->__invoke(Object(Cake\Http\ServerRequest), Object(Cake\Http\Response), Object(Cake\Http\Runner))
#14 C:\wamp64\www\casa_adulao\casa_de_adulao\vendor\cakephp\debug_kit\src\Middleware\DebugKitMiddleware.php(53): Cake\Http\Runner->__invoke(Object(Cake\Http\ServerRequest), Object(Cake\Http\Response))
#15 C:\wamp64\www\casa_adulao\casa_de_adulao\vendor\cakephp\cakephp\src\Http\Runner.php(65): DebugKit\Middleware\DebugKitMiddleware->__invoke(Object(Cake\Http\ServerRequest), Object(Cake\Http\Response), Object(Cake\Http\Runner))
#16 C:\wamp64\www\casa_adulao\casa_de_adulao\vendor\cakephp\cakephp\src\Http\Runner.php(51): Cake\Http\Runner->__invoke(Object(Cake\Http\ServerRequest), Object(Cake\Http\Response))
#17 C:\wamp64\www\casa_adulao\casa_de_adulao\vendor\cakephp\cakephp\src\Http\Server.php(97): Cake\Http\Runner->run(Object(Cake\Http\MiddlewareQueue), Object(Cake\Http\ServerRequest), Object(Cake\Http\Response))
#18 C:\wamp64\www\casa_adulao\casa_de_adulao\webroot\index.php(40): Cake\Http\Server->run()
#19 {main}
Request URL: /users/home
Referer URL: http://localhost:8765/users/login


